<?xml version="1.0" encoding="UTF-8"?>
<!-- Generated by org.testng.reporters.JUnitReportReporter -->
<testsuite hostname="DESKTOP-OEITOCU" failures="0" tests="1" name="testRunner.TestRunner" time="22.031" errors="0" timestamp="2023-07-13T20:09:15 IST" skipped="0">
  <testcase classname="testRunner.TestRunner" name="runScenario" time="22.031"/>
  <system-out/>
</testsuite> <!-- testRunner.TestRunner -->
